nohup: ignoring input

> 9router-app@0.5.26 dev
> next dev --webpack --port 20127

▲ Next.js 16.2.9 (webpack)
- Local:         http://localhost:20127
- Network:       http://10.1.42.42:20127
✓ Ready in 217ms
- Experiments (use with caution):
  · proxyClientMaxBodySize: "128mb"

[DB] Driver: better-sqlite3 | file: /home/letruonggiang/.9router/db/data.sqlite
○ Compiling /login ...
Request timed out after 3000ms

Retrying 1/3...
Request timed out after 3000ms

Retrying 2/3...
Request timed out after 3000ms

Retrying 3/3...
Request timed out after 3000ms

Retrying 1/3...
Request timed out after 3000ms

Retrying 1/3...
Request timed out after 3000ms

Retrying 1/3...
Request timed out after 3000ms

Retrying 1/3...
Request timed out after 3000ms

Retrying 1/3...
Request timed out after 3000ms

Retrying 2/3...
Request timed out after 3000ms

Retrying 2/3...
Request timed out after 3000ms

Retrying 2/3...
Request timed out after 3000ms

Retrying 3/3...
Request timed out after 3000ms

Retrying 3/3...
Request timed out after 3000ms

Retrying 3/3...
Error: Request timed out after 3000ms
    at ignore-listed frames
⨯ Failed to download `Inter` from Google Fonts. Using fallback font instead.

Failed to fetch `Inter` from Google Fonts.}
Error: Request timed out after 3000ms
    at ignore-listed frames
Error: Request timed out after 3000ms
    at ignore-listed frames
[AutoPing] scheduler started
 GET /login 200 in 36ms (next.js: 3ms, proxy.ts: 4ms, application-code: 29ms)
 GET /api/auth/status 200 in 1845ms (next.js: 1827ms, proxy.ts: 3ms, application-code: 15ms)
 GET /login 200 in 431ms (next.js: 106ms, proxy.ts: 75ms, application-code: 250ms)
 POST /api/auth/login 401 in 622ms (next.js: 526ms, proxy.ts: 12ms, application-code: 84ms)
 POST /api/auth/login 200 in 75ms (next.js: 1712µs, proxy.ts: 3ms, application-code: 70ms)
 GET /dashboard 200 in 1307ms (next.js: 811ms, proxy.ts: 6ms, application-code: 489ms)
 GET /login 200 in 155ms (next.js: 53ms, proxy.ts: 69ms, application-code: 32ms)
 GET /api/auth/status 200 in 26ms (next.js: 17ms, proxy.ts: 3ms, application-code: 6ms)
 POST /api/auth/login 200 in 84ms (next.js: 10ms, proxy.ts: 3ms, application-code: 72ms)
 GET /dashboard 200 in 46ms (next.js: 3ms, proxy.ts: 4ms, application-code: 39ms)
 GET /api/keys 200 in 2.6s (next.js: 2.5s, proxy.ts: 10ms, application-code: 19ms)
 GET /api/tunnel/status 200 in 2.6s (next.js: 2.5s, proxy.ts: 11ms, application-code: 20ms)
 GET /api/settings 200 in 2.6s (next.js: 2.5s, proxy.ts: 10ms, application-code: 12ms)
 GET /api/auth/status 200 in 2.6s (next.js: 2.5s, proxy.ts: 9ms, application-code: 22ms)
 GET /api/settings 200 in 68ms (next.js: 2ms, proxy.ts: 64ms, application-code: 2ms)
 GET /api/settings 200 in 72ms (next.js: 5ms, proxy.ts: 65ms, application-code: 1998µs)
 GET /dashboard/providers 200 in 1025ms (next.js: 723ms, proxy.ts: 3ms, application-code: 299ms)
 GET /api/auth/status 200 in 59ms (next.js: 28ms, proxy.ts: 13ms, application-code: 18ms)
 GET /api/auth/status 200 in 74ms (next.js: 32ms, proxy.ts: 13ms, application-code: 29ms)
 GET /api/version 200 in 5.3s (next.js: 2.5s, proxy.ts: 9ms, application-code: 2.7s)
 GET /api/provider-nodes 200 in 1140ms (next.js: 1113ms, proxy.ts: 16ms, application-code: 12ms)
 GET /api/providers 200 in 1141ms (next.js: 1114ms, proxy.ts: 14ms, application-code: 12ms)
 GET /api/provider-nodes 200 in 18ms (next.js: 3ms, proxy.ts: 12ms, application-code: 2ms)
 GET /api/providers 200 in 22ms (next.js: 6ms, proxy.ts: 12ms, application-code: 5ms)
 GET /api/version 200 in 131ms (next.js: 5ms, proxy.ts: 82ms, application-code: 44ms)
 GET /api/models/availability 200 in 862ms (next.js: 842ms, proxy.ts: 8ms, application-code: 12ms)
 GET /api/models/availability 200 in 1587ms (next.js: 9ms, proxy.ts: 1570ms, application-code: 8ms)
 GET /dashboard/endpoint 200 in 1645ms (next.js: 1304ms, proxy.ts: 58ms, application-code: 283ms)
 GET /api/settings 200 in 99ms (next.js: 79ms, proxy.ts: 16ms, application-code: 4ms)
 GET /api/auth/status 200 in 107ms (next.js: 22ms, proxy.ts: 13ms, application-code: 71ms)
 GET /api/tunnel/status 200 in 121ms (next.js: 79ms, proxy.ts: 35ms, application-code: 8ms)
 GET /api/tunnel/status 200 in 127ms (next.js: 86ms, proxy.ts: 36ms, application-code: 4ms)
 GET /api/auth/status 200 in 131ms (next.js: 84ms, proxy.ts: 16ms, application-code: 31ms)
 GET /api/keys 200 in 134ms (next.js: 8ms, proxy.ts: 120ms, application-code: 6ms)
 GET /api/settings 200 in 35ms (next.js: 21ms, proxy.ts: 9ms, application-code: 4ms)
 GET /api/keys 200 in 48ms (next.js: 6ms, proxy.ts: 37ms, application-code: 5ms)
 GET /dashboard/providers 200 in 91ms (next.js: 53ms, proxy.ts: 16ms, application-code: 22ms)
 GET /api/auth/status 200 in 47ms (next.js: 17ms, proxy.ts: 6ms, application-code: 24ms)
 GET /api/auth/status 200 in 63ms (next.js: 18ms, proxy.ts: 32ms, application-code: 13ms)
 GET /api/providers 200 in 98ms (next.js: 28ms, proxy.ts: 46ms, application-code: 24ms)
 GET /api/provider-nodes 200 in 112ms (next.js: 62ms, proxy.ts: 40ms, application-code: 10ms)
 GET /api/providers 200 in 14ms (next.js: 3ms, proxy.ts: 6ms, application-code: 6ms)
 GET /api/provider-nodes 200 in 10ms (next.js: 2ms, proxy.ts: 4ms, application-code: 4ms)
 GET /api/models/availability 200 in 15ms (next.js: 4ms, proxy.ts: 6ms, application-code: 6ms)
 GET /api/models/availability 200 in 13ms (next.js: 3ms, proxy.ts: 4ms, application-code: 6ms)
 GET /dashboard/endpoint 200 in 17ms (next.js: 1393µs, proxy.ts: 4ms, application-code: 12ms)
 GET /api/settings 200 in 49ms (next.js: 28ms, proxy.ts: 16ms, application-code: 4ms)
 GET /api/tunnel/status 200 in 59ms (next.js: 37ms, proxy.ts: 17ms, application-code: 6ms)
 GET /api/auth/status 200 in 66ms (next.js: 8ms, proxy.ts: 13ms, application-code: 45ms)
 GET /api/auth/status 200 in 70ms (next.js: 17ms, proxy.ts: 13ms, application-code: 39ms)
 GET /api/tunnel/status 200 in 76ms (next.js: 15ms, proxy.ts: 55ms, application-code: 5ms)
 GET /api/keys 200 in 81ms (next.js: 16ms, proxy.ts: 61ms, application-code: 5ms)
 GET /api/settings 200 in 25ms (next.js: 3ms, proxy.ts: 16ms, application-code: 5ms)
 GET /api/keys 200 in 16ms (next.js: 3ms, proxy.ts: 7ms, application-code: 7ms)
 GET /dashboard/providers 200 in 66ms (next.js: 7ms, proxy.ts: 11ms, application-code: 48ms)
 GET /api/auth/status 200 in 60ms (next.js: 14ms, proxy.ts: 9ms, application-code: 38ms)
 GET /api/providers 200 in 77ms (next.js: 18ms, proxy.ts: 44ms, application-code: 14ms)
 GET /api/provider-nodes 200 in 90ms (next.js: 29ms, proxy.ts: 51ms, application-code: 10ms)
 GET /api/auth/status 200 in 89ms (next.js: 20ms, proxy.ts: 49ms, application-code: 19ms)
 GET /api/providers 200 in 37ms (next.js: 7ms, proxy.ts: 21ms, application-code: 9ms)
 GET /api/provider-nodes 200 in 36ms (next.js: 15ms, proxy.ts: 15ms, application-code: 6ms)
 GET /api/models/availability 200 in 34ms (next.js: 13ms, proxy.ts: 12ms, application-code: 9ms)
 GET /api/models/availability 200 in 41ms (next.js: 4ms, proxy.ts: 29ms, application-code: 8ms)
